<?xml version="1.0" encoding="UTF-8"?>
<!-- Generated by org.testng.reporters.JUnitReportReporter -->
<testsuite skipped="0" hostname="vengatesh" name="com.google.GooglePageTest" tests="1" failures="0" timestamp="10 Feb 2019 11:06:41 GMT" time="50.506" errors="0">
  <testcase name="setup" time="50.506" classname="com.google.GooglePageTest"/>
</testsuite> <!-- com.google.GooglePageTest -->
