<?xml version="1.0" encoding="UTF-8"?>
<!-- Generated by org.testng.reporters.JUnitReportReporter -->
<testsuite skipped="0" hostname="vengatesh" name="com.google.GooglePageTest" tests="1" failures="0" timestamp="12 Feb 2019 08:26:38 GMT" time="12.673" errors="0">
  <testcase name="setup" time="12.673" classname="com.google.GooglePageTest"/>
</testsuite> <!-- com.google.GooglePageTest -->
